{
  "RSpec": {
    "coverage": {
      "/Users/andacabrera29/Desktop/ttt_gem/lib/ttt/computer_move.rb": [
        1,
        null,
        1,
        null,
        1,
        10,
        9,
        null,
        8,
        8,
        null,
        8,
        48,
        48,
        96,
        48,
        null,
        null,
        8,
        48,
        48,
        null,
        null,
        56,
        null,
        null,
        1,
        18611,
        17213,
        null,
        10920,
        null,
        10920,
        18563,
        18563,
        18563,
        9096,
        null,
        18563,
        7773,
        7773,
        null,
        10790,
        null,
        null,
        10470,
        null,
        null,
        1,
        null,
        1,
        18611,
        null,
        null,
        null,
        null
      ],
      "/Users/andacabrera29/Desktop/ttt_gem/lib/ttt/board.rb": [
        1,
        1,
        null,
        1,
        36,
        388,
        36,
        null,
        null,
        1,
        1,
        null,
        null,
        1,
        462555,
        null,
        null,
        1,
        37249,
        null,
        null,
        1,
        20534,
        null,
        null,
        1,
        215986,
        null,
        null,
        1,
        18642,
        3667,
        1767,
        null,
        1900,
        null,
        null,
        14975,
        7454,
        null,
        7521,
        null,
        null,
        null,
        null,
        1,
        1,
        null,
        null,
        1,
        648978,
        null,
        null,
        1,
        221314,
        null,
        null,
        1,
        22,
        null,
        null,
        1,
        18646,
        null,
        null,
        1,
        1,
        null,
        null,
        1,
        2,
        2,
        null,
        null,
        null,
        1,
        null,
        1,
        97011,
        null,
        null,
        1,
        88587,
        null,
        null,
        1,
        14396,
        41950,
        null,
        null,
        1,
        14396,
        69327,
        14396,
        null,
        null,
        1,
        14396,
        69327,
        14396,
        null,
        null,
        1,
        67926,
        67926,
        null,
        null,
        null,
        null
      ],
      "/Users/andacabrera29/Desktop/ttt_gem/lib/ttt/game.rb": [
        1,
        1,
        null,
        1,
        8,
        8,
        24,
        8,
        8,
        null,
        null,
        1,
        3,
        null,
        null,
        1,
        26,
        26,
        null,
        null,
        1,
        1,
        null,
        null,
        1,
        2,
        1,
        1,
        1,
        null,
        null,
        null,
        1,
        3,
        8,
        null,
        null,
        1,
        1,
        2,
        null,
        null,
        1,
        2,
        null,
        null,
        1,
        null,
        1,
        3,
        null,
        null,
        1,
        0,
        null,
        null,
        null
      ]
    },
    "timestamp": 1453775665
  }
}
