{
  "RSpec": {
    "coverage": {
      "/Users/andacabrera29/Desktop/ttt_gem/lib/ttt/computer_move.rb": [
        1,
        null,
        1,
        null,
        1,
        10,
        9,
        null,
        8,
        8,
        null,
        8,
        48,
        48,
        96,
        48,
        null,
        null,
        8,
        48,
        48,
        null,
        null,
        56,
        null,
        null,
        1,
        18611,
        17213,
        null,
        10920,
        null,
        10920,
        18563,
        18563,
        18563,
        9096,
        null,
        18563,
        7773,
        7773,
        null,
        10790,
        null,
        null,
        10470,
        null,
        null,
        1,
        null,
        1,
        18611,
        null,
        null,
        null,
        null
      ],
      "/Users/andacabrera29/Desktop/ttt_gem/lib/ttt/game.rb": [
        1,
        1,
        null,
        1,
        3,
        null,
        null,
        null,
        null
      ]
    },
    "timestamp": 1453134839
  }
}
